#
# There is insufficient memory for the Java Runtime Environment to continue.
# Native memory allocation (mmap) failed to map 503316480 bytes. Error detail: G1 virtual space
# Possible reasons:
#   The system is out of physical RAM or swap space
#   This process is running with CompressedOops enabled, and the Java Heap may be blocking the growth of the native heap
# Possible solutions:
#   Reduce memory load on the system
#   Increase physical memory or swap space
#   Check if swap backing store is full
#   Decrease Java heap size (-Xmx/-Xms)
#   Decrease number of Java threads
#   Decrease Java thread stack sizes (-Xss)
#   Set larger code cache with -XX:ReservedCodeCacheSize=
#   JVM is running with Zero Based Compressed Oops mode in which the Java heap is
#     placed in the first 32GB address space. The Java Heap base address is the
#     maximum limit for the native heap growth. Please use -XX:HeapBaseMinAddress
#     to set the Java Heap base and to place the Java Heap above 32GB virtual address.
# This output file may be truncated or incomplete.
#
#  Out of Memory Error (os_windows.cpp:3703), pid=17904, tid=33340
#
# JRE version:  (23.0+37) (build )
# Java VM: OpenJDK 64-Bit Server VM (23+37-2369, mixed mode, sharing, tiered, compressed oops, compressed class ptrs, g1 gc, windows-amd64)
# No core dump will be written. Minidumps are not enabled by default on client versions of Windows
#

---------------  S U M M A R Y ------------

Command Line: -agentlib:jdwp=transport=dt_socket,address=127.0.0.1:57750,suspend=y,server=n -javaagent:C:\Users\092132848\AppData\Local\JetBrains\IntelliJIdea2024.2\captureAgent\debugger-agent.jar -Dkotlinx.coroutines.debug.enable.creation.stack.trace=false -Ddebugger.agent.enable.coroutines=true -Dfile.encoding=UTF-8 -Dsun.stdout.encoding=UTF-8 -Dsun.stderr.encoding=UTF-8 ListTest

Host: AMD Ryzen 7 PRO 3700U w/ Radeon Vega Mobile Gfx, 8 cores, 29G,  Windows 11 , 64 bit Build 22621 (10.0.22621.3958)
Time: Wed Oct  9 22:51:52 2024 W. Europe Summer Time elapsed time: 0.033128 seconds (0d 0h 0m 0s)

---------------  T H R E A D  ---------------

Current thread (0x000002b94db50d20):  JavaThread "Unknown thread" [_thread_in_vm, id=33340, stack(0x000000c15de00000,0x000000c15df00000) (1024K)]

Stack: [0x000000c15de00000,0x000000c15df00000]
Native frames: (J=compiled Java code, j=interpreted, Vv=VM code, C=native code)
V  [jvm.dll+0x6e08a9]  (no source info available)
V  [jvm.dll+0x87da63]  (no source info available)
V  [jvm.dll+0x87feee]  (no source info available)
V  [jvm.dll+0x8805c3]  (no source info available)
V  [jvm.dll+0x27aee6]  (no source info available)
V  [jvm.dll+0x6dd1b5]  (no source info available)
V  [jvm.dll+0x6d103a]  (no source info available)
V  [jvm.dll+0x35b3ea]  (no source info available)
V  [jvm.dll+0x3637f6]  (no source info available)
V  [jvm.dll+0x34fd5e]  (no source info available)
V  [jvm.dll+0x34fff8]  (no source info available)
V  [jvm.dll+0x3289cc]  (no source info available)
V  [jvm.dll+0x32966e]  (no source info available)
V  [jvm.dll+0x8442e5]  (no source info available)
V  [jvm.dll+0x3b9848]  (no source info available)
V  [jvm.dll+0x82d0dc]  (no source info available)
V  [jvm.dll+0x454d4e]  (no source info available)
V  [jvm.dll+0x456bd1]  (no source info available)
C  [jli.dll+0x52a3]  (no source info available)
C  [ucrtbase.dll+0x29333]  (no source info available)
C  [KERNEL32.DLL+0x1257d]  (no source info available)
C  [ntdll.dll+0x5af28]  (no source info available)

Lock stack of current Java thread (top to bottom):


---------------  P R O C E S S  ---------------

Threads class SMR info:
_java_thread_list=0x00007ffbd4d13618, length=0, elements={
}

Java Threads: ( => current thread )
Total: 0

Other Threads:
  0x000002b94dbf12b0 WorkerThread "GC Thread#0"                     [id=7620, stack(0x000000c15df00000,0x000000c15e000000) (1024K)]
  0x000002b94dc04dd0 ConcurrentGCThread "G1 Main Marker"            [id=31640, stack(0x000000c15e000000,0x000000c15e100000) (1024K)]
  0x000002b94dc05a90 WorkerThread "G1 Conc#0"                       [id=15848, stack(0x000000c15e100000,0x000000c15e200000) (1024K)]

[error occurred during error reporting (printing all threads), id 0xc0000005, EXCEPTION_ACCESS_VIOLATION (0xc0000005) at pc=0x00007ffbd445bfba]
VM state: not at safepoint (not fully initialized)

VM Mutex/Monitor currently owned by a thread:  ([mutex/lock_event])
[0x00007ffbd4d93a10] Heap_lock - owner thread: 0x000002b94db50d20

Heap address: 0x0000000621c00000, size: 7652 MB, Compressed Oops mode: Zero based, Oop shift amount: 3

CDS archive(s) mapped at: [0x0000000000000000-0x0000000000000000-0x0000000000000000), size 0, SharedBaseAddress: 0x0000000800000000, ArchiveRelocationMode: 1.
Narrow klass base: 0x0000000000000000, Narrow klass shift: 0, Narrow klass range: 0x0

GC Precious Log:
 CardTable entry size: 512
 Card Set container configuration: InlinePtr #cards 4 size 8 Array Of Cards #cards 32 size 80 Howl #buckets 8 coarsen threshold 7372 Howl Bitmap #cards 1024 size 144 coarsen threshold 921 Card regions per heap region 1 cards per card region 8192

Heap:
 garbage-first heap   total reserved 7835648K, committed 0K, used 0K [0x0000000621c00000, 0x0000000800000000)
  region size 4096K, 0 young (0K), 0 survivors (0K)

[error occurred during error reporting (printing heap information), id 0xc0000005, EXCEPTION_ACCESS_VIOLATION (0xc0000005) at pc=0x00007ffbd485c3b9]
GC Heap History (0 events):
No events

Dll operation events (2 events):
Event: 0.026 Loaded shared library C:\Users\092132848\.jdks\openjdk-23\bin\java.dll
Event: 0.028 Loaded shared library C:\Users\092132848\.jdks\openjdk-23\bin\zip.dll

Deoptimization events (0 events):
No events

Classes loaded (0 events):
No events

Classes unloaded (0 events):
No events

Classes redefined (0 events):
No events

Internal exceptions (0 events):
No events

VM Operations (0 events):
No events

Memory protections (0 events):
No events

Nmethod flushes (0 events):
No events

Events (0 events):
No events


Dynamic libraries:
0x00007ff6c0100000 - 0x00007ff6c010e000 	C:\Users\092132848\.jdks\openjdk-23\bin\java.exe
0x00007ffc9b990000 - 0x00007ffc9bba7000 	C:\WINDOWS\SYSTEM32\ntdll.dll
0x00007ffc99bb0000 - 0x00007ffc99c74000 	C:\WINDOWS\System32\KERNEL32.DLL
0x00007ffc990c0000 - 0x00007ffc9946d000 	C:\WINDOWS\System32\KERNELBASE.dll
0x00007ffc98fa0000 - 0x00007ffc990b1000 	C:\WINDOWS\System32\ucrtbase.dll
0x00007ffc86210000 - 0x00007ffc8622b000 	C:\Users\092132848\.jdks\openjdk-23\bin\VCRUNTIME140.dll
0x00007ffc8fa80000 - 0x00007ffc8fa97000 	C:\Users\092132848\.jdks\openjdk-23\bin\jli.dll
0x00007ffc85c20000 - 0x00007ffc85eb3000 	C:\WINDOWS\WinSxS\amd64_microsoft.windows.common-controls_6595b64144ccf1df_6.0.22621.3672_none_2713b9d173822955\COMCTL32.dll
0x00007ffc9aac0000 - 0x00007ffc9ab67000 	C:\WINDOWS\System32\msvcrt.dll
0x00007ffc9b570000 - 0x00007ffc9b599000 	C:\WINDOWS\System32\GDI32.dll
0x00007ffc98f70000 - 0x00007ffc98f96000 	C:\WINDOWS\System32\win32u.dll
0x00007ffc98cb0000 - 0x00007ffc98dc9000 	C:\WINDOWS\System32\gdi32full.dll
0x00007ffc99470000 - 0x00007ffc9950a000 	C:\WINDOWS\System32\msvcp_win.dll
0x00007ffc9ade0000 - 0x00007ffc9af8e000 	C:\WINDOWS\System32\USER32.dll
0x00007ffc9b910000 - 0x00007ffc9b941000 	C:\WINDOWS\System32\IMM32.DLL
0x00007ffc8fa70000 - 0x00007ffc8fa7c000 	C:\Users\092132848\.jdks\openjdk-23\bin\vcruntime140_1.dll
0x00007ffc26030000 - 0x00007ffc260be000 	C:\Users\092132848\.jdks\openjdk-23\bin\msvcp140.dll
0x00007ffbd4120000 - 0x00007ffbd4e6f000 	C:\Users\092132848\.jdks\openjdk-23\bin\server\jvm.dll
0x00007ffc99c80000 - 0x00007ffc99d32000 	C:\WINDOWS\System32\ADVAPI32.dll
0x00007ffc9ad30000 - 0x00007ffc9add9000 	C:\WINDOWS\System32\sechost.dll
0x00007ffc98dd0000 - 0x00007ffc98df8000 	C:\WINDOWS\System32\bcrypt.dll
0x00007ffc9b770000 - 0x00007ffc9b884000 	C:\WINDOWS\System32\RPCRT4.dll
0x00007ffc9b890000 - 0x00007ffc9b901000 	C:\WINDOWS\System32\WS2_32.dll
0x00007ffc98b80000 - 0x00007ffc98bcd000 	C:\WINDOWS\SYSTEM32\POWRPROF.dll
0x00007ffc92ca0000 - 0x00007ffc92cd4000 	C:\WINDOWS\SYSTEM32\WINMM.dll
0x00007ffc8c020000 - 0x00007ffc8c02a000 	C:\WINDOWS\SYSTEM32\VERSION.dll
0x00007ffc98b60000 - 0x00007ffc98b73000 	C:\WINDOWS\SYSTEM32\UMPDC.dll
0x00007ffc97bd0000 - 0x00007ffc97be8000 	C:\WINDOWS\SYSTEM32\kernel.appcore.dll
0x00007ffc87810000 - 0x00007ffc8781a000 	C:\Users\092132848\.jdks\openjdk-23\bin\jimage.dll
0x00007ffc96230000 - 0x00007ffc96462000 	C:\WINDOWS\SYSTEM32\DBGHELP.DLL
0x00007ffc996c0000 - 0x00007ffc99a4e000 	C:\WINDOWS\System32\combase.dll
0x00007ffc99d60000 - 0x00007ffc99e37000 	C:\WINDOWS\System32\OLEAUT32.dll
0x00007ffc73320000 - 0x00007ffc73352000 	C:\WINDOWS\SYSTEM32\dbgcore.DLL
0x00007ffc99640000 - 0x00007ffc996bb000 	C:\WINDOWS\System32\bcryptPrimitives.dll
0x00007ffc74680000 - 0x00007ffc746bc000 	C:\Users\092132848\.jdks\openjdk-23\bin\jdwp.dll
0x00007ffc92e30000 - 0x00007ffc92e3f000 	C:\Users\092132848\.jdks\openjdk-23\bin\instrument.dll
0x00007ffc84540000 - 0x00007ffc8455e000 	C:\Users\092132848\.jdks\openjdk-23\bin\java.dll
0x00007ffc9a910000 - 0x00007ffc9aab5000 	C:\WINDOWS\System32\ole32.dll
0x00007ffc9a020000 - 0x00007ffc9a887000 	C:\WINDOWS\System32\SHELL32.dll
0x00007ffc75040000 - 0x00007ffc75057000 	C:\Users\092132848\.jdks\openjdk-23\bin\zip.dll

dbghelp: loaded successfully - version: 4.0.5 - missing functions: none
symbol engine: initialized successfully - sym options: 0x614 - pdb path: .;C:\Users\092132848\.jdks\openjdk-23\bin;C:\WINDOWS\SYSTEM32;C:\WINDOWS\WinSxS\amd64_microsoft.windows.common-controls_6595b64144ccf1df_6.0.22621.3672_none_2713b9d173822955;C:\Users\092132848\.jdks\openjdk-23\bin\server

VM Arguments:
jvm_args: -agentlib:jdwp=transport=dt_socket,address=127.0.0.1:57750,suspend=y,server=n -javaagent:C:\Users\092132848\AppData\Local\JetBrains\IntelliJIdea2024.2\captureAgent\debugger-agent.jar -Dkotlinx.coroutines.debug.enable.creation.stack.trace=false -Ddebugger.agent.enable.coroutines=true -Dfile.encoding=UTF-8 -Dsun.stdout.encoding=UTF-8 -Dsun.stderr.encoding=UTF-8 
java_command: ListTest
java_class_path (initial): C:\Users\092132848\Documents\GitHub\Studium\OOP1\04_Vorlagen\Aufgabe3\target\classes;C:\Program Files\JetBrains\IntelliJ IDEA 2024.2.1\lib\idea_rt.jar
Launcher Type: SUN_STANDARD

[Global flags]
     intx CICompilerCount                          = 4                                         {product} {ergonomic}
     uint ConcGCThreads                            = 2                                         {product} {ergonomic}
     uint G1ConcRefinementThreads                  = 8                                         {product} {ergonomic}
   size_t G1HeapRegionSize                         = 4194304                                   {product} {ergonomic}
   size_t InitialHeapSize                          = 503316480                                 {product} {ergonomic}
   size_t MarkStackSize                            = 4194304                                   {product} {ergonomic}
   size_t MarkStackSizeMax                         = 536870912                                 {product} {ergonomic}
   size_t MaxHeapSize                              = 8023703552                                {product} {ergonomic}
   size_t MinHeapDeltaBytes                        = 4194304                                   {product} {ergonomic}
   size_t MinHeapSize                              = 8388608                                   {product} {ergonomic}
    uintx NonNMethodCodeHeapSize                   = 5832704                                {pd product} {ergonomic}
    uintx NonProfiledCodeHeapSize                  = 122945536                              {pd product} {ergonomic}
    uintx ProfiledCodeHeapSize                     = 122880000                              {pd product} {ergonomic}
    uintx ReservedCodeCacheSize                    = 251658240                              {pd product} {ergonomic}
     bool SegmentedCodeCache                       = true                                      {product} {ergonomic}
   size_t SoftMaxHeapSize                          = 8023703552                             {manageable} {ergonomic}
     bool UseCompressedOops                        = true                           {product lp64_product} {ergonomic}
     bool UseG1GC                                  = true                                      {product} {ergonomic}
     bool UseLargePagesIndividualAllocation        = false                                  {pd product} {ergonomic}

Logging:
Log output configuration:
 #0: stdout all=warning uptime,level,tags foldmultilines=false
 #1: stderr all=off uptime,level,tags foldmultilines=false

Environment Variables:
CLASSPATH=C:\Program Files (x86)\OpenNI\Bin\org.OpenNI.jar
PATH=C:\Program Files (x86)\VMware\VMware Player\bin\;C:\Program Files\Common Files\Oracle\Java\javapath;C:\WINDOWS\system32;C:\WINDOWS;C:\WINDOWS\System32\Wbem;C:\WINDOWS\System32\WindowsPowerShell\v1.0\;C:\WINDOWS\System32\OpenSSH\;C:\Program Files\PuTTY\;C:\Program Files\Git\cmd;C:\Program Files\nodejs\;C:\Program Files (x86)\OpenNI\Bin;C:\Program Files (x86)\PrimeSense\NITE\bin;C:\Program Files\RedHat\Podman\;C:\Users\092132848\Miniconda3;C:\Users\092132848\Miniconda3\Library\mingw-w64\bin;C:\Users\092132848\Miniconda3\Library\usr\bin;C:\Users\092132848\Miniconda3\Library\bin;C:\Users\092132848\Miniconda3\Scripts;C:\Users\092132848\AppData\Local\Microsoft\WindowsApps;C:\Users\092132848\AppData\Local\GitHubDesktop\bin;C:\Users\092132848\AppData\Local\Programs\Microsoft VS Code\bin;C:\Users\092132848\AppData\Roaming\npm;C:\Users\092132848\flutter\bin;C:\Users\092132848\AppData\Local\Pub\Cache\bin;C:\Users\092132848\AppData\Local\Programs\MiKTeX\miktex\bin\x64\;C:\Users\092132848\AppData\Local\Box\Box Edit\;C:\Program Files\IBM\Cloud\bin;C:\Users\092132848\Documents\OpenshiftCLI;;C:\Program Files\JetBrains\IntelliJ IDEA 2024.2.1\bin;
USERNAME=LeoVogel
OS=Windows_NT
PROCESSOR_IDENTIFIER=AMD64 Family 23 Model 24 Stepping 1, AuthenticAMD
TMP=C:\Users\092132~1\AppData\Local\Temp
TEMP=C:\Users\092132~1\AppData\Local\Temp




Periodic native trim disabled

---------------  S Y S T E M  ---------------

OS:
 Windows 11 , 64 bit Build 22621 (10.0.22621.3958)
OS uptime: 3 days 8:22 hours
Hyper-V role detected

CPU: total 8 (initial active 8) (8 cores per cpu, 2 threads per core) family 23 model 24 stepping 1 microcode 0x0, cx8, cmov, fxsr, ht, mmx, 3dnowpref, sse, sse2, sse3, ssse3, sse4a, sse4.1, sse4.2, popcnt, lzcnt, tsc, tscinvbit, avx, avx2, aes, clmul, bmi1, bmi2, adx, sha, fma, vzeroupper, clflush, clflushopt, hv, rdtscp, f16c
Processor Information for the first 8 processors :
  Max Mhz: 2300, Current Mhz: 2300, Mhz Limit: 2300

Memory: 4k page, system-wide physical 30598M (10889M free)
TotalPageFile size 90926M (AvailPageFile size 77M)
current process WorkingSet (physical memory assigned to process): 12M, peak: 12M
current process commit charge ("private bytes"): 61M, peak: 540M

vm_info: OpenJDK 64-Bit Server VM (23+37-2369) for windows-amd64 JRE (23+37-2369), built on 2024-08-20T16:01:23Z with MS VC++ 17.6 (VS2022)

END.
